<?xml version="1.0" encoding="UTF-8"?>
<!-- Generated by org.testng.reporters.JUnitXMLReporter -->
<testsuite ignored="0" hostname="Tapabrata7439" failures="0" tests="7" name="Regression Tests" time="55.136" errors="0" timestamp="2026-06-13T11:46:42 IST">
  <testcase classname="testcases.RegistrationTest" name="testRegistration" time="3.554"/>
  <testcase classname="testcases.LoginTest" name="validLogin" time="1.903"/>
  <testcase classname="testcases.OpenAccountTest" name="testOpenNewAccount" time="2.883"/>
  <testcase classname="testcases.AccountOverviewTest" name="testAccountOverviewDetails" time="1.744"/>
  <testcase classname="testcases.TransferFundsTest" name="testTransferFunds" time="4.429"/>
  <testcase classname="testcases.BillPayTest" name="testBillPayment" time="5.675"/>
  <testcase classname="testcases.LogoutTest" name="testLogout" time="10.081"/>
</testsuite> <!-- Regression Tests -->
