<?xml version="1.0" encoding="UTF-8"?>
<!-- Generated by org.testng.reporters.JUnitXMLReporter -->
<testsuite ignored="0" hostname="Tapabrata7439" failures="0" tests="7" name="Regression Tests" time="53.317" errors="0" timestamp="2026-06-10T17:29:56 IST">
  <testcase classname="testcases.RegistrationTest" name="testRegistration" time="3.416"/>
  <testcase classname="testcases.LoginTest" name="validLogin" time="1.599"/>
  <testcase classname="testcases.OpenAccountTest" name="testOpenNewAccount" time="2.834"/>
  <testcase classname="testcases.AccountOverviewTest" name="testAccountOverviewDetails" time="1.72"/>
  <testcase classname="testcases.TransferFundsTest" name="testTransferFunds" time="4.702"/>
  <testcase classname="testcases.BillPayTest" name="testBillPayment" time="5.363"/>
  <testcase classname="testcases.LogoutTest" name="testLogout" time="10.065"/>
</testsuite> <!-- Regression Tests -->
