<?xml version="1.0" encoding="UTF-8"?>
<testng-results ignored="0" total="8" passed="7" failed="0" skipped="1">
  <reporter-output>
  </reporter-output>
  <suite started-at="2026-06-09T21:08:01 IST" name="Default suite" finished-at="2026-06-09T21:08:28 IST" duration-ms="27220">
    <groups>
    </groups>
    <test started-at="2026-06-09T21:08:01 IST" name="Default test" finished-at="2026-06-09T21:08:28 IST" duration-ms="27220">
      <class name="testcases.ProductSearchTest">
        <test-method signature="testProductSearchAndAdd(java.lang.String,java.lang.String)[pri:0, instance:testcases.ProductSearchTest@3c3d9b6b]" started-at="2026-06-09T21:08:24 IST" name="testProductSearchAndAdd" data-provider="productData" finished-at="2026-06-09T21:08:26 IST" duration-ms="2096" status="PASS">
          <params>
            <param index="0">
              <value>
                <![CDATA[Sauce Labs Backpack]]>
              </value>
            </param>
            <param index="1">
              <value>
                <![CDATA[Apparel]]>
              </value>
            </param>
          </params>
          <reporter-output>
          </reporter-output>
        </test-method> <!-- testProductSearchAndAdd -->
        <test-method signature="testProductSearchAndAdd(java.lang.String,java.lang.String)[pri:0, instance:testcases.ProductSearchTest@3c3d9b6b]" started-at="2026-06-09T21:08:26 IST" name="testProductSearchAndAdd" data-provider="productData" finished-at="2026-06-09T21:08:28 IST" duration-ms="2161" status="PASS">
          <params>
            <param index="0">
              <value>
                <![CDATA[Sauce Labs Bike Light]]>
              </value>
            </param>
            <param index="1">
              <value>
                <![CDATA[Accessories]]>
              </value>
            </param>
          </params>
          <reporter-output>
          </reporter-output>
        </test-method> <!-- testProductSearchAndAdd -->
      </class> <!-- testcases.ProductSearchTest -->
      <class name="testcases.CheckoutTest">
        <test-method is-config="true" signature="setup()[pri:0, instance:testcases.CheckoutTest@2a5c8d3f]" started-at="2026-06-09T21:08:01 IST" name="setup" finished-at="2026-06-09T21:08:04 IST" duration-ms="3546" status="PASS">
          <reporter-output>
          </reporter-output>
        </test-method> <!-- setup -->
        <test-method signature="testCompleteCheckoutFlow()[pri:0, instance:testcases.CheckoutTest@2a5c8d3f]" started-at="2026-06-09T21:08:04 IST" name="testCompleteCheckoutFlow" finished-at="2026-06-09T21:08:06 IST" duration-ms="1557" status="PASS">
          <reporter-output>
          </reporter-output>
        </test-method> <!-- testCompleteCheckoutFlow -->
        <test-method is-config="true" signature="tearDown()[pri:0, instance:testcases.CheckoutTest@2a5c8d3f]" started-at="2026-06-09T21:08:06 IST" name="tearDown" finished-at="2026-06-09T21:08:06 IST" duration-ms="309" status="PASS">
          <reporter-output>
          </reporter-output>
        </test-method> <!-- tearDown -->
      </class> <!-- testcases.CheckoutTest -->
      <class name="testcases.LoginTest">
        <test-method is-config="true" signature="setup()[pri:0, instance:testcases.LoginTest@158a8276]" started-at="2026-06-09T21:08:07 IST" name="setup" finished-at="2026-06-09T21:08:09 IST" duration-ms="1749" status="PASS">
          <reporter-output>
          </reporter-output>
        </test-method> <!-- setup -->
        <test-method signature="verifyValidLogin(java.lang.String,java.lang.String)[pri:1, instance:testcases.LoginTest@158a8276]" started-at="2026-06-09T21:08:09 IST" name="verifyValidLogin" data-provider="validUsers" finished-at="2026-06-09T21:08:09 IST" duration-ms="511" status="PASS">
          <params>
            <param index="0">
              <value>
                <![CDATA[standard_user]]>
              </value>
            </param>
            <param index="1">
              <value>
                <![CDATA[secret_sauce]]>
              </value>
            </param>
          </params>
          <reporter-output>
          </reporter-output>
        </test-method> <!-- verifyValidLogin -->
        <test-method is-config="true" signature="tearDown()[pri:0, instance:testcases.LoginTest@158a8276]" started-at="2026-06-09T21:08:09 IST" name="tearDown" finished-at="2026-06-09T21:08:10 IST" duration-ms="196" status="PASS">
          <reporter-output>
          </reporter-output>
        </test-method> <!-- tearDown -->
        <test-method is-config="true" signature="setup()[pri:0, instance:testcases.LoginTest@158a8276]" started-at="2026-06-09T21:08:10 IST" name="setup" finished-at="2026-06-09T21:08:12 IST" duration-ms="1974" status="PASS">
          <reporter-output>
          </reporter-output>
        </test-method> <!-- setup -->
        <test-method signature="verifyValidLogin(java.lang.String,java.lang.String)[pri:1, instance:testcases.LoginTest@158a8276]" started-at="2026-06-09T21:08:12 IST" name="verifyValidLogin" data-provider="validUsers" finished-at="2026-06-09T21:08:12 IST" duration-ms="526" status="PASS">
          <params>
            <param index="0">
              <value>
                <![CDATA[problem_user]]>
              </value>
            </param>
            <param index="1">
              <value>
                <![CDATA[secret_sauce]]>
              </value>
            </param>
          </params>
          <reporter-output>
          </reporter-output>
        </test-method> <!-- verifyValidLogin -->
        <test-method is-config="true" signature="tearDown()[pri:0, instance:testcases.LoginTest@158a8276]" started-at="2026-06-09T21:08:12 IST" name="tearDown" finished-at="2026-06-09T21:08:12 IST" duration-ms="231" status="PASS">
          <reporter-output>
          </reporter-output>
        </test-method> <!-- tearDown -->
        <test-method is-config="true" signature="setup()[pri:0, instance:testcases.LoginTest@158a8276]" started-at="2026-06-09T21:08:12 IST" name="setup" finished-at="2026-06-09T21:08:14 IST" duration-ms="1715" status="PASS">
          <reporter-output>
          </reporter-output>
        </test-method> <!-- setup -->
        <test-method signature="verifyValidLogin(java.lang.String,java.lang.String)[pri:1, instance:testcases.LoginTest@158a8276]" started-at="2026-06-09T21:08:14 IST" name="verifyValidLogin" data-provider="validUsers" finished-at="2026-06-09T21:08:20 IST" duration-ms="5595" status="PASS">
          <params>
            <param index="0">
              <value>
                <![CDATA[performance_glitch_user]]>
              </value>
            </param>
            <param index="1">
              <value>
                <![CDATA[secret_sauce]]>
              </value>
            </param>
          </params>
          <reporter-output>
          </reporter-output>
        </test-method> <!-- verifyValidLogin -->
        <test-method is-config="true" signature="tearDown()[pri:0, instance:testcases.LoginTest@158a8276]" started-at="2026-06-09T21:08:20 IST" name="tearDown" finished-at="2026-06-09T21:08:20 IST" duration-ms="230" status="PASS">
          <reporter-output>
          </reporter-output>
        </test-method> <!-- tearDown -->
        <test-method is-config="true" signature="setup()[pri:0, instance:testcases.LoginTest@158a8276]" started-at="2026-06-09T21:08:20 IST" name="setup" finished-at="2026-06-09T21:08:21 IST" duration-ms="1437" status="PASS">
          <reporter-output>
          </reporter-output>
        </test-method> <!-- setup -->
        <test-method signature="verifyValidLogin(java.lang.String,java.lang.String)[pri:1, instance:testcases.LoginTest@158a8276]" started-at="2026-06-09T21:08:21 IST" name="verifyValidLogin" data-provider="validUsers" finished-at="2026-06-09T21:08:21 IST" duration-ms="4" status="SKIP">
          <params>
            <param index="0">
              <value>
                <![CDATA[]]>
              </value>
            </param>
            <param index="1">
              <value>
                <![CDATA[]]>
              </value>
            </param>
          </params>
          <exception class="org.testng.SkipException">
            <message>
              <![CDATA[Skipping empty test data row.]]>
            </message>
            <full-stacktrace>
              <![CDATA[org.testng.SkipException: Skipping empty test data row.
at testcases.LoginTest.verifyValidLogin(LoginTest.java:30)
at java.base/jdk.internal.reflect.NativeMethodAccessorImpl.invoke0(Native Method)
at java.base/jdk.internal.reflect.NativeMethodAccessorImpl.invoke(NativeMethodAccessorImpl.java:77)
at java.base/jdk.internal.reflect.DelegatingMethodAccessorImpl.invoke(DelegatingMethodAccessorImpl.java:43)
at java.base/java.lang.reflect.Method.invoke(Method.java:568)
at org.testng.internal.invokers.MethodInvocationHelper.invokeMethod(MethodInvocationHelper.java:141)
at org.testng.internal.invokers.TestInvoker.invokeMethod(TestInvoker.java:687)
at org.testng.internal.invokers.TestInvoker.invokeTestMethod(TestInvoker.java:230)
at org.testng.internal.invokers.MethodRunner.runInSequence(MethodRunner.java:63)
at org.testng.internal.invokers.TestInvoker$MethodInvocationAgent.invoke(TestInvoker.java:995)
at org.testng.internal.invokers.TestInvoker.invokeTestMethods(TestInvoker.java:203)
at org.testng.internal.invokers.TestMethodWorker.invokeTestMethods(TestMethodWorker.java:154)
at org.testng.internal.invokers.TestMethodWorker.run(TestMethodWorker.java:134)
at java.base/java.util.ArrayList.forEach(ArrayList.java:1511)
at org.testng.TestRunner.privateRun(TestRunner.java:741)
at org.testng.TestRunner.run(TestRunner.java:616)
at org.testng.SuiteRunner.runTest(SuiteRunner.java:421)
at org.testng.SuiteRunner.runSequentially(SuiteRunner.java:413)
at org.testng.SuiteRunner.privateRun(SuiteRunner.java:373)
at org.testng.SuiteRunner.run(SuiteRunner.java:312)
at org.testng.SuiteRunnerWorker.runSuite(SuiteRunnerWorker.java:52)
at org.testng.SuiteRunnerWorker.run(SuiteRunnerWorker.java:95)
at org.testng.TestNG.runSuitesSequentially(TestNG.java:1274)
at org.testng.TestNG.runSuitesLocally(TestNG.java:1208)
at org.testng.TestNG.runSuites(TestNG.java:1112)
at org.testng.TestNG.run(TestNG.java:1079)
at org.testng.remote.AbstractRemoteTestNG.run(AbstractRemoteTestNG.java:115)
at org.testng.remote.RemoteTestNG.initAndRun(RemoteTestNG.java:293)
at org.testng.remote.RemoteTestNG.main(RemoteTestNG.java:91)
]]>
            </full-stacktrace>
          </exception> <!-- org.testng.SkipException -->
          <reporter-output>
          </reporter-output>
        </test-method> <!-- verifyValidLogin -->
        <test-method is-config="true" signature="tearDown()[pri:0, instance:testcases.LoginTest@158a8276]" started-at="2026-06-09T21:08:21 IST" name="tearDown" finished-at="2026-06-09T21:08:22 IST" duration-ms="206" status="PASS">
          <reporter-output>
          </reporter-output>
        </test-method> <!-- tearDown -->
        <test-method is-config="true" signature="setup()[pri:0, instance:testcases.LoginTest@158a8276]" started-at="2026-06-09T21:08:22 IST" name="setup" finished-at="2026-06-09T21:08:23 IST" duration-ms="1463" status="PASS">
          <reporter-output>
          </reporter-output>
        </test-method> <!-- setup -->
        <test-method signature="testInvalidLogin(java.lang.String,java.lang.String)[pri:2, instance:testcases.LoginTest@158a8276]" started-at="2026-06-09T21:08:23 IST" name="testInvalidLogin" data-provider="invalidUsers" finished-at="2026-06-09T21:08:23 IST" duration-ms="368" status="PASS">
          <params>
            <param index="0">
              <value>
                <![CDATA[invalid_user]]>
              </value>
            </param>
            <param index="1">
              <value>
                <![CDATA[wrong_password]]>
              </value>
            </param>
          </params>
          <reporter-output>
          </reporter-output>
        </test-method> <!-- testInvalidLogin -->
        <test-method is-config="true" signature="tearDown()[pri:0, instance:testcases.LoginTest@158a8276]" started-at="2026-06-09T21:08:23 IST" name="tearDown" finished-at="2026-06-09T21:08:24 IST" duration-ms="198" status="PASS">
          <reporter-output>
          </reporter-output>
        </test-method> <!-- tearDown -->
      </class> <!-- testcases.LoginTest -->
    </test> <!-- Default test -->
  </suite> <!-- Default suite -->
</testng-results>
