<?xml version="1.0" encoding="UTF-8"?>
<!-- Generated by org.testng.reporters.JUnitXMLReporter -->
<testsuite ignored="0" hostname="Tapabrata7439" failures="0" tests="3" name="Default test" time="15.116" errors="0" timestamp="2026-06-09T20:13:05 IST">
  <testcase classname="testcases.LoginTest" name="verifyValidLogin" time="1.144"/>
  <testcase classname="testcases.LoginTest" name="verifyValidLogin" time="0.536"/>
  <testcase classname="testcases.LoginTest" name="verifyValidLogin" time="5.477"/>
</testsuite> <!-- Default test -->
