<?xml version="1.0" encoding="UTF-8"?>
<!-- Generated by org.testng.reporters.JUnitXMLReporter -->
<testsuite ignored="0" hostname="Tapabrata7439" failures="0" tests="5" name="Default test" time="18.664" errors="0" timestamp="2026-06-09T20:39:28 IST">
  <testcase classname="testcases.LoginTest" name="verifyValidLogin" time="1.273"/>
  <testcase classname="testcases.LoginTest" name="verifyValidLogin" time="0.497"/>
  <testcase classname="testcases.LoginTest" name="verifyValidLogin" time="5.547"/>
  <testcase classname="testcases.LoginTest" name="verifyValidLogin" time="0.0">
    <skipped/>
  </testcase> <!-- verifyValidLogin -->
  <testcase classname="testcases.LoginTest" name="testInvalidLogin" time="0.401"/>
</testsuite> <!-- Default test -->
