<?xml version="1.0" encoding="UTF-8"?>
<testng-results ignored="0" total="1" passed="1" failed="0" skipped="0">
  <reporter-output>
  </reporter-output>
  <suite started-at="2026-06-12T12:09:06 IST" name="Default suite" finished-at="2026-06-12T12:09:14 IST" duration-ms="7856">
    <groups>
      <group name="cucumber">
        <method signature="AbstractTestNGCucumberTests.runScenario(io.cucumber.testng.PickleWrapper,io.cucumber.testng.FeatureWrapper)[pri:0, instance:StepDefination.RunnerTest@5542c4ed]" name="runScenario" class="io.cucumber.testng.AbstractTestNGCucumberTests"/>
      </group> <!-- cucumber -->
    </groups>
    <test started-at="2026-06-12T12:09:06 IST" name="Default test" finished-at="2026-06-12T12:09:14 IST" duration-ms="7856">
      <class name="StepDefination.RunnerTest">
        <test-method is-config="true" signature="setUpClass(org.testng.ITestContext)[pri:0, instance:StepDefination.RunnerTest@5542c4ed]" started-at="2026-06-12T12:09:06 IST" name="setUpClass" finished-at="2026-06-12T12:09:07 IST" duration-ms="973" status="PASS">
          <params>
            <param index="0">
              <value>
                <![CDATA[org.testng.TestRunner@5412bfea]]>
              </value>
            </param>
          </params>
          <reporter-output>
          </reporter-output>
        </test-method> <!-- setUpClass -->
        <test-method signature="runScenario(io.cucumber.testng.PickleWrapper,io.cucumber.testng.FeatureWrapper)[pri:0, instance:StepDefination.RunnerTest@5542c4ed]" started-at="2026-06-12T12:09:07 IST" name="runScenario" description="Runs Cucumber Scenarios" data-provider="scenarios" finished-at="2026-06-12T12:09:14 IST" duration-ms="6733" status="PASS">
          <params>
            <param index="0">
              <value>
                <![CDATA["Successfull ACcess of the account"]]>
              </value>
            </param>
            <param index="1">
              <value>
                <![CDATA["Prabank End-toend Flow"]]>
              </value>
            </param>
          </params>
          <reporter-output>
          </reporter-output>
        </test-method> <!-- runScenario -->
        <test-method is-config="true" signature="tearDownClass()[pri:0, instance:StepDefination.RunnerTest@5542c4ed]" started-at="2026-06-12T12:09:14 IST" name="tearDownClass" finished-at="2026-06-12T12:09:14 IST" duration-ms="57" status="PASS">
          <reporter-output>
          </reporter-output>
        </test-method> <!-- tearDownClass -->
      </class> <!-- StepDefination.RunnerTest -->
    </test> <!-- Default test -->
  </suite> <!-- Default suite -->
</testng-results>
