<?xml version="1.0" encoding="UTF-8"?>
<testng-results ignored="0" total="7" passed="7" failed="0" skipped="0">
  <reporter-output>
  </reporter-output>
  <suite started-at="2026-06-08T20:41:54 IST" name="ParaBank Suite" finished-at="2026-06-08T20:42:20 IST" duration-ms="25874">
    <groups>
      <group name="AccountOverviewGroup">
        <method signature="AccountOverviewTest.testAccountOverviewDetails(java.lang.String,java.lang.String)[pri:0, instance:testcases.AccountOverviewTest@4988d8b8]" name="testAccountOverviewDetails" class="testcases.AccountOverviewTest"/>
      </group> <!-- AccountOverviewGroup -->
      <group name="LoginGroup">
        <method signature="LoginTest.validLogin(java.lang.String,java.lang.String)[pri:0, instance:testcases.LoginTest@2de23121]" name="validLogin" class="testcases.LoginTest"/>
      </group> <!-- LoginGroup -->
      <group name="LogoutGroup">
        <method signature="LogoutTest.testLogout()[pri:0, instance:testcases.LogoutTest@6913c1fb]" name="testLogout" class="testcases.LogoutTest"/>
      </group> <!-- LogoutGroup -->
      <group name="TransferFundsGroup">
        <method signature="TransferFundsTest.testTransferFunds(java.lang.String,java.lang.String)[pri:0, instance:testcases.TransferFundsTest@c0c2f8d]" name="testTransferFunds" class="testcases.TransferFundsTest"/>
      </group> <!-- TransferFundsGroup -->
      <group name="OpenAccountGroup">
        <method signature="OpenAccountTest.testOpenNewAccount(java.lang.String,java.lang.String)[pri:0, instance:testcases.OpenAccountTest@63475ace]" name="testOpenNewAccount" class="testcases.OpenAccountTest"/>
      </group> <!-- OpenAccountGroup -->
      <group name="BillPaymentGroup">
        <method signature="BillPayTest.testBillPayment(java.lang.String,java.lang.String)[pri:0, instance:testcases.BillPayTest@305b7c14]" name="testBillPayment" class="testcases.BillPayTest"/>
      </group> <!-- BillPaymentGroup -->
    </groups>
    <test started-at="2026-06-08T20:41:54 IST" name="Regression Tests" finished-at="2026-06-08T20:42:20 IST" duration-ms="25874">
      <class name="testcases.LogoutTest">
        <test-method is-config="true" signature="setup()[pri:0, instance:testcases.LogoutTest@6913c1fb]" started-at="2026-06-08T20:42:09 IST" name="setup" finished-at="2026-06-08T20:42:09 IST" duration-ms="896" status="PASS">
          <reporter-output>
          </reporter-output>
        </test-method> <!-- setup -->
        <test-method signature="testLogout()[pri:0, instance:testcases.LogoutTest@6913c1fb]" started-at="2026-06-08T20:42:09 IST" name="testLogout" depends-on-groups="TransferFundsGroup, BillPaymentGroup" finished-at="2026-06-08T20:42:19 IST" duration-ms="10064" status="PASS">
          <reporter-output>
          </reporter-output>
        </test-method> <!-- testLogout -->
        <test-method is-config="true" signature="tearDown()[pri:0, instance:testcases.LogoutTest@6913c1fb]" started-at="2026-06-08T20:42:19 IST" name="tearDown" finished-at="2026-06-08T20:42:20 IST" duration-ms="178" status="PASS">
          <reporter-output>
          </reporter-output>
        </test-method> <!-- tearDown -->
      </class> <!-- testcases.LogoutTest -->
      <class name="testcases.TransferFundsTest">
        <test-method is-config="true" signature="setup()[pri:0, instance:testcases.TransferFundsTest@c0c2f8d]" started-at="2026-06-08T20:42:03 IST" name="setup" finished-at="2026-06-08T20:42:04 IST" duration-ms="865" status="PASS">
          <reporter-output>
          </reporter-output>
        </test-method> <!-- setup -->
        <test-method signature="testTransferFunds(java.lang.String,java.lang.String)[pri:0, instance:testcases.TransferFundsTest@c0c2f8d]" started-at="2026-06-08T20:42:04 IST" name="testTransferFunds" data-provider="transferData" depends-on-groups="AccountOverviewGroup" finished-at="2026-06-08T20:42:06 IST" duration-ms="1548" status="PASS">
          <params>
            <param index="0">
              <value>
                <![CDATA[testnguser05]]>
              </value>
            </param>
            <param index="1">
              <value>
                <![CDATA[admin123]]>
              </value>
            </param>
          </params>
          <reporter-output>
          </reporter-output>
        </test-method> <!-- testTransferFunds -->
        <test-method is-config="true" signature="tearDown()[pri:0, instance:testcases.TransferFundsTest@c0c2f8d]" started-at="2026-06-08T20:42:06 IST" name="tearDown" finished-at="2026-06-08T20:42:06 IST" duration-ms="147" status="PASS">
          <reporter-output>
          </reporter-output>
        </test-method> <!-- tearDown -->
      </class> <!-- testcases.TransferFundsTest -->
      <class name="testcases.AccountOverviewTest">
        <test-method is-config="true" signature="setup()[pri:0, instance:testcases.AccountOverviewTest@4988d8b8]" started-at="2026-06-08T20:42:02 IST" name="setup" finished-at="2026-06-08T20:42:02 IST" duration-ms="880" status="PASS">
          <reporter-output>
          </reporter-output>
        </test-method> <!-- setup -->
        <test-method signature="testAccountOverviewDetails(java.lang.String,java.lang.String)[pri:0, instance:testcases.AccountOverviewTest@4988d8b8]" started-at="2026-06-08T20:42:02 IST" name="testAccountOverviewDetails" data-provider="loginData" depends-on-groups="LoginGroup" finished-at="2026-06-08T20:42:03 IST" duration-ms="579" status="PASS">
          <params>
            <param index="0">
              <value>
                <![CDATA[testnguser05]]>
              </value>
            </param>
            <param index="1">
              <value>
                <![CDATA[admin123]]>
              </value>
            </param>
          </params>
          <reporter-output>
          </reporter-output>
        </test-method> <!-- testAccountOverviewDetails -->
        <test-method is-config="true" signature="tearDown()[pri:0, instance:testcases.AccountOverviewTest@4988d8b8]" started-at="2026-06-08T20:42:03 IST" name="tearDown" finished-at="2026-06-08T20:42:03 IST" duration-ms="137" status="PASS">
          <reporter-output>
          </reporter-output>
        </test-method> <!-- tearDown -->
      </class> <!-- testcases.AccountOverviewTest -->
      <class name="testcases.LoginTest">
        <test-method is-config="true" signature="setup()[pri:0, instance:testcases.LoginTest@2de23121]" started-at="2026-06-08T20:41:58 IST" name="setup" finished-at="2026-06-08T20:41:59 IST" duration-ms="1033" status="PASS">
          <reporter-output>
          </reporter-output>
        </test-method> <!-- setup -->
        <test-method signature="validLogin(java.lang.String,java.lang.String)[pri:0, instance:testcases.LoginTest@2de23121]" started-at="2026-06-08T20:41:59 IST" name="validLogin" data-provider="loginData" finished-at="2026-06-08T20:41:59 IST" duration-ms="383" status="PASS">
          <params>
            <param index="0">
              <value>
                <![CDATA[testnguser05]]>
              </value>
            </param>
            <param index="1">
              <value>
                <![CDATA[admin123]]>
              </value>
            </param>
          </params>
          <reporter-output>
          </reporter-output>
        </test-method> <!-- validLogin -->
        <test-method is-config="true" signature="tearDown()[pri:0, instance:testcases.LoginTest@2de23121]" started-at="2026-06-08T20:41:59 IST" name="tearDown" finished-at="2026-06-08T20:41:59 IST" duration-ms="165" status="PASS">
          <reporter-output>
          </reporter-output>
        </test-method> <!-- tearDown -->
      </class> <!-- testcases.LoginTest -->
      <class name="testcases.OpenAccountTest">
        <test-method is-config="true" signature="setup()[pri:0, instance:testcases.OpenAccountTest@63475ace]" started-at="2026-06-08T20:41:59 IST" name="setup" finished-at="2026-06-08T20:42:00 IST" duration-ms="949" status="PASS">
          <reporter-output>
          </reporter-output>
        </test-method> <!-- setup -->
        <test-method signature="testOpenNewAccount(java.lang.String,java.lang.String)[pri:0, instance:testcases.OpenAccountTest@63475ace]" started-at="2026-06-08T20:42:00 IST" name="testOpenNewAccount" data-provider="loginData" depends-on-groups="LoginGroup" finished-at="2026-06-08T20:42:01 IST" duration-ms="1209" status="PASS">
          <params>
            <param index="0">
              <value>
                <![CDATA[testnguser05]]>
              </value>
            </param>
            <param index="1">
              <value>
                <![CDATA[admin123]]>
              </value>
            </param>
          </params>
          <reporter-output>
          </reporter-output>
        </test-method> <!-- testOpenNewAccount -->
        <test-method is-config="true" signature="tearDown()[pri:0, instance:testcases.OpenAccountTest@63475ace]" started-at="2026-06-08T20:42:01 IST" name="tearDown" finished-at="2026-06-08T20:42:02 IST" duration-ms="142" status="PASS">
          <reporter-output>
          </reporter-output>
        </test-method> <!-- tearDown -->
      </class> <!-- testcases.OpenAccountTest -->
      <class name="testcases.BillPayTest">
        <test-method is-config="true" signature="setup()[pri:0, instance:testcases.BillPayTest@305b7c14]" started-at="2026-06-08T20:42:06 IST" name="setup" finished-at="2026-06-08T20:42:07 IST" duration-ms="898" status="PASS">
          <reporter-output>
          </reporter-output>
        </test-method> <!-- setup -->
        <test-method signature="testBillPayment(java.lang.String,java.lang.String)[pri:0, instance:testcases.BillPayTest@305b7c14]" started-at="2026-06-08T20:42:07 IST" name="testBillPayment" data-provider="loginData" depends-on-groups="AccountOverviewGroup" finished-at="2026-06-08T20:42:08 IST" duration-ms="1720" status="PASS">
          <params>
            <param index="0">
              <value>
                <![CDATA[testnguser05]]>
              </value>
            </param>
            <param index="1">
              <value>
                <![CDATA[admin123]]>
              </value>
            </param>
          </params>
          <reporter-output>
          </reporter-output>
        </test-method> <!-- testBillPayment -->
        <test-method is-config="true" signature="tearDown()[pri:0, instance:testcases.BillPayTest@305b7c14]" started-at="2026-06-08T20:42:08 IST" name="tearDown" finished-at="2026-06-08T20:42:09 IST" duration-ms="164" status="PASS">
          <reporter-output>
          </reporter-output>
        </test-method> <!-- tearDown -->
      </class> <!-- testcases.BillPayTest -->
      <class name="testcases.RegistrationTest">
        <test-method is-config="true" signature="setup()[pri:0, instance:testcases.RegistrationTest@49438269]" started-at="2026-06-08T20:41:54 IST" name="setup" finished-at="2026-06-08T20:41:56 IST" duration-ms="1569" status="PASS">
          <reporter-output>
          </reporter-output>
        </test-method> <!-- setup -->
        <test-method signature="testRegistration(java.lang.String,java.lang.String,java.lang.String,java.lang.String,java.lang.String,java.lang.String,java.lang.String,java.lang.String,java.lang.String,java.lang.String,java.lang.String)[pri:0, instance:testcases.RegistrationTest@49438269]" started-at="2026-06-08T20:41:56 IST" name="testRegistration" data-provider="regData" finished-at="2026-06-08T20:41:57 IST" duration-ms="1295" status="PASS">
          <params>
            <param index="0">
              <value>
                <![CDATA[TestNG 05]]>
              </value>
            </param>
            <param index="1">
              <value>
                <![CDATA[User 05]]>
              </value>
            </param>
            <param index="2">
              <value>
                <![CDATA[3/12 Main Street]]>
              </value>
            </param>
            <param index="3">
              <value>
                <![CDATA[Kolkata]]>
              </value>
            </param>
            <param index="4">
              <value>
                <![CDATA[Bengal]]>
              </value>
            </param>
            <param index="5">
              <value>
                <![CDATA[700060.0]]>
              </value>
            </param>
            <param index="6">
              <value>
                <![CDATA[5.46879213E9]]>
              </value>
            </param>
            <param index="7">
              <value>
                <![CDATA[987-123]]>
              </value>
            </param>
            <param index="8">
              <value>
                <![CDATA[testnguser05]]>
              </value>
            </param>
            <param index="9">
              <value>
                <![CDATA[admin123]]>
              </value>
            </param>
            <param index="10">
              <value>
                <![CDATA[admin123]]>
              </value>
            </param>
          </params>
          <reporter-output>
          </reporter-output>
        </test-method> <!-- testRegistration -->
        <test-method is-config="true" signature="tearDown()[pri:0, instance:testcases.RegistrationTest@49438269]" started-at="2026-06-08T20:41:57 IST" name="tearDown" finished-at="2026-06-08T20:41:58 IST" duration-ms="196" status="PASS">
          <reporter-output>
          </reporter-output>
        </test-method> <!-- tearDown -->
      </class> <!-- testcases.RegistrationTest -->
    </test> <!-- Regression Tests -->
  </suite> <!-- ParaBank Suite -->
</testng-results>
