<?xml version="1.0" encoding="UTF-8"?>
<testng-results ignored="0" total="1" passed="1" failed="0" skipped="0">
  <reporter-output>
  </reporter-output>
  <suite started-at="2026-06-08T10:07:28 IST" name="Default suite" finished-at="2026-06-08T10:07:33 IST" duration-ms="5603">
    <groups>
      <group name="LoginGroup">
        <method signature="LoginTest.validLogin(java.lang.String,java.lang.String)[pri:0, instance:testcases.LoginTest@3d285d7e]" name="validLogin" class="testcases.LoginTest"/>
      </group> <!-- LoginGroup -->
    </groups>
    <test started-at="2026-06-08T10:07:28 IST" name="Default test" finished-at="2026-06-08T10:07:33 IST" duration-ms="5603">
      <class name="testcases.LoginTest">
        <test-method is-config="true" signature="setup()[pri:0, instance:testcases.LoginTest@3d285d7e]" started-at="2026-06-08T10:07:29 IST" name="setup" finished-at="2026-06-08T10:07:33 IST" duration-ms="3624" status="PASS">
          <reporter-output>
          </reporter-output>
        </test-method> <!-- setup -->
        <test-method signature="validLogin(java.lang.String,java.lang.String)[pri:0, instance:testcases.LoginTest@3d285d7e]" started-at="2026-06-08T10:07:33 IST" name="validLogin" data-provider="loginData" finished-at="2026-06-08T10:07:33 IST" duration-ms="767" status="PASS">
          <params>
            <param index="0">
              <value>
                <![CDATA[testnguser03]]>
              </value>
            </param>
            <param index="1">
              <value>
                <![CDATA[admin123]]>
              </value>
            </param>
          </params>
          <reporter-output>
          </reporter-output>
        </test-method> <!-- validLogin -->
      </class> <!-- testcases.LoginTest -->
    </test> <!-- Default test -->
  </suite> <!-- Default suite -->
</testng-results>
