<?xml version="1.0" encoding="UTF-8"?>
<!-- Generated by org.testng.reporters.JUnitReportReporter -->
<testsuite hostname="Tapabrata7439" failures="0" tests="2" name="testcases.ProductSearchTest" time="4.257" errors="0" timestamp="2026-06-09T21:08:28 IST" skipped="0">
  <testcase classname="testcases.ProductSearchTest" name="testProductSearchAndAdd" time="2.161"/>
  <testcase classname="testcases.ProductSearchTest" name="testProductSearchAndAdd" time="2.096"/>
</testsuite> <!-- testcases.ProductSearchTest -->
