<?xml version="1.0" encoding="UTF-8"?>
<!-- Generated by org.testng.reporters.JUnitReportReporter -->
<testsuite hostname="Tapabrata7439" failures="0" tests="5" name="testcases.LoginTest" time="17.578" errors="0" timestamp="2026-06-09T20:39:28 IST" skipped="1">
  <testcase classname="testcases.LoginTest" name="verifyValidLogin" time="2.967"/>
  <testcase classname="testcases.LoginTest" name="verifyValidLogin" time="7.322"/>
  <testcase classname="testcases.LoginTest" name="verifyValidLogin" time="1.724">
    <skipped/>
  </testcase> <!-- verifyValidLogin -->
  <testcase classname="testcases.LoginTest" name="verifyValidLogin" time="3.364"/>
  <testcase classname="testcases.LoginTest" name="testInvalidLogin" time="2.201"/>
</testsuite> <!-- testcases.LoginTest -->
