<?xml version="1.0" encoding="UTF-8"?>
<!-- Generated by org.testng.reporters.JUnitReportReporter -->
<testsuite hostname="Tapabrata7439" failures="0" tests="3" name="testcases.LoginTest" time="14.114" errors="0" timestamp="2026-06-09T20:13:05 IST" skipped="0">
  <testcase classname="testcases.LoginTest" name="verifyValidLogin" time="2.401"/>
  <testcase classname="testcases.LoginTest" name="verifyValidLogin" time="8.749"/>
  <testcase classname="testcases.LoginTest" name="verifyValidLogin" time="2.964"/>
</testsuite> <!-- testcases.LoginTest -->
